2018-11-12 22:27:17,527 ERROR 11700 [-/::1/-/11ms GET /] nodejs.Error: Please set config.keys first
    at Application.get keys [as keys] (G:\work\myworld-server\node_modules\egg\lib\application.js:321:15)
    at Object.get cookies [as cookies] (G:\work\myworld-server\node_modules\egg\app\extend\context.js:22:66)
    at Object.get [egg-security#CSRF_SECRET] (G:\work\myworld-server\node_modules\egg-security\app\extend\context.js:86:33)
    at Object.ensureCsrfSecret (G:\work\myworld-server\node_modules\egg-security\app\extend\context.js:97:13)
    at csrf (G:\work\myworld-server\node_modules\egg-security\lib\middlewares\csrf.js:14:9)
    at dispatch (G:\work\myworld-server\node_modules\koa-compose\index.js:42:32)
    at G:\work\myworld-server\node_modules\koa-compose\index.js:34:12
    at dispatch (G:\work\myworld-server\node_modules\koa-compose\index.js:42:32)
    at session (G:\work\myworld-server\node_modules\koa-session\index.js:41:13)
    at dispatch (G:\work\myworld-server\node_modules\koa-compose\index.js:42:32)

pid: 11700
hostname: LAPTOP-6Q3A38SB

2018-11-12 22:30:01,730 ERROR 19004 nodejs.unhandledExceptionError: read ECONNRESET
    at _errnoException (util.js:992:11)
    at TCP.onread (net.js:618:25)
code: "ECONNRESET"
errno: "ECONNRESET"
syscall: "read"
name: "unhandledExceptionError"
pid: 19004
hostname: LAPTOP-6Q3A38SB

2018-11-12 22:30:03,455 ERROR 19004 nodejs.unhandledExceptionError: read ECONNRESET
    at _errnoException (util.js:992:11)
    at TCP.onread (net.js:618:25)
code: "ECONNRESET"
errno: "ECONNRESET"
syscall: "read"
name: "unhandledExceptionError"
pid: 19004
hostname: LAPTOP-6Q3A38SB

2018-11-12 22:30:05,765 ERROR 19004 nodejs.unhandledExceptionError: read ECONNRESET
    at _errnoException (util.js:992:11)
    at TCP.onread (net.js:618:25)
code: "ECONNRESET"
errno: "ECONNRESET"
syscall: "read"
name: "unhandledExceptionError"
pid: 19004
hostname: LAPTOP-6Q3A38SB

2018-11-12 22:31:28,490 ERROR 24676 [-/127.0.0.1/-/7725ms GET /] nodejs.Error: Please set config.keys first
    at Application.get keys [as keys] (G:\work\myworld-server\node_modules\egg\lib\application.js:321:15)
    at Object.get cookies [as cookies] (G:\work\myworld-server\node_modules\egg\app\extend\context.js:22:66)
    at Object.get [egg-security#CSRF_SECRET] (G:\work\myworld-server\node_modules\egg-security\app\extend\context.js:86:33)
    at Object.ensureCsrfSecret (G:\work\myworld-server\node_modules\egg-security\app\extend\context.js:97:13)
    at csrf (G:\work\myworld-server\node_modules\egg-security\lib\middlewares\csrf.js:14:9)
    at dispatch (G:\work\myworld-server\node_modules\koa-compose\index.js:42:32)
    at G:\work\myworld-server\node_modules\koa-compose\index.js:34:12
    at dispatch (G:\work\myworld-server\node_modules\koa-compose\index.js:42:32)
    at session (G:\work\myworld-server\node_modules\koa-session\index.js:41:13)
    at dispatch (G:\work\myworld-server\node_modules\koa-compose\index.js:42:32)

pid: 24676
hostname: LAPTOP-6Q3A38SB

2018-11-12 22:31:37,820 ERROR 18408 [-/127.0.0.1/-/11ms GET /] nodejs.Error: Please set config.keys first
    at Application.get keys [as keys] (G:\work\myworld-server\node_modules\egg\lib\application.js:321:15)
    at Object.get cookies [as cookies] (G:\work\myworld-server\node_modules\egg\app\extend\context.js:22:66)
    at Object.get [egg-security#CSRF_SECRET] (G:\work\myworld-server\node_modules\egg-security\app\extend\context.js:86:33)
    at Object.ensureCsrfSecret (G:\work\myworld-server\node_modules\egg-security\app\extend\context.js:97:13)
    at csrf (G:\work\myworld-server\node_modules\egg-security\lib\middlewares\csrf.js:14:9)
    at dispatch (G:\work\myworld-server\node_modules\koa-compose\index.js:42:32)
    at G:\work\myworld-server\node_modules\koa-compose\index.js:34:12
    at dispatch (G:\work\myworld-server\node_modules\koa-compose\index.js:42:32)
    at session (G:\work\myworld-server\node_modules\koa-session\index.js:41:13)
    at dispatch (G:\work\myworld-server\node_modules\koa-compose\index.js:42:32)

pid: 18408
hostname: LAPTOP-6Q3A38SB

2018-11-12 22:31:40,231 ERROR 18408 [-/127.0.0.1/-/7ms GET /] nodejs.Error: Please set config.keys first
    at Application.get keys [as keys] (G:\work\myworld-server\node_modules\egg\lib\application.js:321:15)
    at Object.get cookies [as cookies] (G:\work\myworld-server\node_modules\egg\app\extend\context.js:22:66)
    at Object.get [egg-security#CSRF_SECRET] (G:\work\myworld-server\node_modules\egg-security\app\extend\context.js:86:33)
    at Object.ensureCsrfSecret (G:\work\myworld-server\node_modules\egg-security\app\extend\context.js:97:13)
    at csrf (G:\work\myworld-server\node_modules\egg-security\lib\middlewares\csrf.js:14:9)
    at dispatch (G:\work\myworld-server\node_modules\koa-compose\index.js:42:32)
    at G:\work\myworld-server\node_modules\koa-compose\index.js:34:12
    at dispatch (G:\work\myworld-server\node_modules\koa-compose\index.js:42:32)
    at session (G:\work\myworld-server\node_modules\koa-session\index.js:41:13)
    at dispatch (G:\work\myworld-server\node_modules\koa-compose\index.js:42:32)

pid: 18408
hostname: LAPTOP-6Q3A38SB

2018-11-12 22:32:33,764 ERROR 18408 nodejs.ServerNoResponseError: server 127.0.0.1:60873 no response in 20003ms, maybe the socket is end on the other side. (address: 127.0.0.1:60873)
    at Timeout._heartbeatTimer.setInterval [as _onTimeout] (G:\work\myworld-server\node_modules\tcp-base\lib\base.js:427:21)
    at ontimeout (timers.js:498:11)
    at tryOnTimeout (timers.js:323:5)
    at Timer.listOnTimeout (timers.js:290:5)
name: "ServerNoResponseError"
pid: 18408
hostname: LAPTOP-6Q3A38SB

