2018-11-12 22:26:55,633 INFO 11700 [egg:logger] init all loggers with options: {"dir":"G:\\work\\myworld-server\\logs\\myworld-server","encoding":"utf8","env":"local","level":"INFO","consoleLevel":"INFO","disableConsoleAfterReady":false,"outputJSON":false,"buffer":true,"appLogName":"myworld-server-web.log","coreLogName":"egg-web.log","agentLogName":"egg-agent.log","errorLogName":"common-error.log","coreLogger":{"consoleLevel":"WARN"},"allowDebugAtProd":false,"type":"application"}
2018-11-12 22:26:55,666 INFO 11700 [egg-schedule]: register schedule G:\work\myworld-server\node_modules\egg-logrotator\app\schedule\clean_log.js
2018-11-12 22:26:55,666 INFO 11700 [egg-schedule]: register schedule G:\work\myworld-server\node_modules\egg-logrotator\app\schedule\rotate_by_file.js
2018-11-12 22:26:55,666 INFO 11700 [egg-multipart] stream mode enable
2018-11-12 22:26:55,727 INFO 11700 [egg-static] starting static serve /public/ -> G:\work\myworld-server\app\public
2018-11-12 22:26:55,732 INFO 11700 [egg-security] use csrf middleware
2018-11-12 22:26:55,732 INFO 11700 [egg-security] use methodnoallow middleware
2018-11-12 22:26:55,734 INFO 11700 [egg-security] use noopen middleware
2018-11-12 22:26:55,734 INFO 11700 [egg-security] use nosniff middleware
2018-11-12 22:26:55,735 INFO 11700 [egg-security] use xssProtection middleware
2018-11-12 22:26:55,735 INFO 11700 [egg-security] use xframe middleware
2018-11-12 22:26:55,736 INFO 11700 [egg-security] use dta middleware
2018-11-12 22:26:55,736 INFO 11700 [egg-security] compose 7 middlewares into one security middleware
2018-11-12 22:26:55,742 INFO 11700 [egg:core] dump config after load, 6ms
2018-11-12 22:26:55,755 INFO 11700 [egg-watcher:application] watcher start success
2018-11-12 22:26:55,760 INFO 11700 [egg:core] dump config after ready, 3ms
2018-11-12 22:29:48,550 INFO 20956 [egg:logger] init all loggers with options: {"dir":"G:\\work\\myworld-server\\logs\\myworld-server","encoding":"utf8","env":"local","level":"INFO","consoleLevel":"INFO","disableConsoleAfterReady":false,"outputJSON":false,"buffer":true,"appLogName":"myworld-server-web.log","coreLogName":"egg-web.log","agentLogName":"egg-agent.log","errorLogName":"common-error.log","coreLogger":{"consoleLevel":"WARN"},"allowDebugAtProd":false,"type":"application"}
2018-11-12 22:29:48,599 INFO 20956 [egg-schedule]: register schedule G:\work\myworld-server\node_modules\egg-logrotator\app\schedule\clean_log.js
2018-11-12 22:29:48,599 INFO 20956 [egg-schedule]: register schedule G:\work\myworld-server\node_modules\egg-logrotator\app\schedule\rotate_by_file.js
2018-11-12 22:29:48,599 INFO 20956 [egg-multipart] stream mode enable
2018-11-12 22:29:48,660 INFO 20956 [egg-static] starting static serve /public/ -> G:\work\myworld-server\app\public
2018-11-12 22:29:48,660 INFO 20956 [egg-security] use csrf middleware
2018-11-12 22:29:48,664 INFO 20956 [egg-security] use methodnoallow middleware
2018-11-12 22:29:48,665 INFO 20956 [egg-security] use noopen middleware
2018-11-12 22:29:48,665 INFO 20956 [egg-security] use nosniff middleware
2018-11-12 22:29:48,667 INFO 20956 [egg-security] use xssProtection middleware
2018-11-12 22:29:48,667 INFO 20956 [egg-security] use xframe middleware
2018-11-12 22:29:48,667 INFO 20956 [egg-security] use dta middleware
2018-11-12 22:29:48,667 INFO 20956 [egg-security] compose 7 middlewares into one security middleware
2018-11-12 22:29:48,675 INFO 20956 [egg:core] dump config after load, 6ms
2018-11-12 22:29:48,686 INFO 20956 [egg-watcher:application] watcher start success
2018-11-12 22:29:48,692 INFO 20956 [egg:core] dump config after ready, 5ms
2018-11-12 22:29:59,828 INFO 19724 [egg:logger] init all loggers with options: {"dir":"G:\\work\\myworld-server\\logs\\myworld-server","encoding":"utf8","env":"local","level":"INFO","consoleLevel":"INFO","disableConsoleAfterReady":false,"outputJSON":false,"buffer":true,"appLogName":"myworld-server-web.log","coreLogName":"egg-web.log","agentLogName":"egg-agent.log","errorLogName":"common-error.log","coreLogger":{"consoleLevel":"WARN"},"allowDebugAtProd":false,"type":"application"}
2018-11-12 22:29:59,895 INFO 19724 [egg-schedule]: register schedule G:\work\myworld-server\node_modules\egg-logrotator\app\schedule\clean_log.js
2018-11-12 22:29:59,895 INFO 19724 [egg-schedule]: register schedule G:\work\myworld-server\node_modules\egg-logrotator\app\schedule\rotate_by_file.js
2018-11-12 22:29:59,896 INFO 19724 [egg-multipart] stream mode enable
2018-11-12 22:30:00,007 INFO 19724 [egg-static] starting static serve /public/ -> G:\work\myworld-server\app\public
2018-11-12 22:30:00,015 INFO 19724 [egg-security] use csrf middleware
2018-11-12 22:30:00,015 INFO 19724 [egg-security] use methodnoallow middleware
2018-11-12 22:30:00,015 INFO 19724 [egg-security] use noopen middleware
2018-11-12 22:30:00,019 INFO 19724 [egg-security] use nosniff middleware
2018-11-12 22:30:00,020 INFO 19724 [egg-security] use xssProtection middleware
2018-11-12 22:30:00,020 INFO 19724 [egg-security] use xframe middleware
2018-11-12 22:30:00,021 INFO 19724 [egg-security] use dta middleware
2018-11-12 22:30:00,021 INFO 19724 [egg-security] compose 7 middlewares into one security middleware
2018-11-12 22:30:00,035 INFO 19724 [egg:core] dump config after load, 12ms
2018-11-12 22:30:00,053 INFO 19724 [egg-watcher:application] watcher start success
2018-11-12 22:30:00,067 INFO 19724 [egg:core] dump config after ready, 8ms
2018-11-12 22:30:02,045 INFO 29240 [egg:logger] init all loggers with options: {"dir":"G:\\work\\myworld-server\\logs\\myworld-server","encoding":"utf8","env":"local","level":"INFO","consoleLevel":"INFO","disableConsoleAfterReady":false,"outputJSON":false,"buffer":true,"appLogName":"myworld-server-web.log","coreLogName":"egg-web.log","agentLogName":"egg-agent.log","errorLogName":"common-error.log","coreLogger":{"consoleLevel":"WARN"},"allowDebugAtProd":false,"type":"application"}
2018-11-12 22:30:02,108 INFO 29240 [egg-schedule]: register schedule G:\work\myworld-server\node_modules\egg-logrotator\app\schedule\clean_log.js
2018-11-12 22:30:02,108 INFO 29240 [egg-schedule]: register schedule G:\work\myworld-server\node_modules\egg-logrotator\app\schedule\rotate_by_file.js
2018-11-12 22:30:02,112 INFO 29240 [egg-multipart] stream mode enable
2018-11-12 22:30:02,222 INFO 29240 [egg-static] starting static serve /public/ -> G:\work\myworld-server\app\public
2018-11-12 22:30:02,227 INFO 29240 [egg-security] use csrf middleware
2018-11-12 22:30:02,231 INFO 29240 [egg-security] use methodnoallow middleware
2018-11-12 22:30:02,232 INFO 29240 [egg-security] use noopen middleware
2018-11-12 22:30:02,233 INFO 29240 [egg-security] use nosniff middleware
2018-11-12 22:30:02,233 INFO 29240 [egg-security] use xssProtection middleware
2018-11-12 22:30:02,233 INFO 29240 [egg-security] use xframe middleware
2018-11-12 22:30:02,233 INFO 29240 [egg-security] use dta middleware
2018-11-12 22:30:02,233 INFO 29240 [egg-security] compose 7 middlewares into one security middleware
2018-11-12 22:30:02,248 INFO 29240 [egg:core] dump config after load, 10ms
2018-11-12 22:30:02,265 INFO 29240 [egg-watcher:application] watcher start success
2018-11-12 22:30:02,275 INFO 29240 [egg:core] dump config after ready, 6ms
2018-11-12 22:30:04,357 INFO 1508 [egg:logger] init all loggers with options: {"dir":"G:\\work\\myworld-server\\logs\\myworld-server","encoding":"utf8","env":"local","level":"INFO","consoleLevel":"INFO","disableConsoleAfterReady":false,"outputJSON":false,"buffer":true,"appLogName":"myworld-server-web.log","coreLogName":"egg-web.log","agentLogName":"egg-agent.log","errorLogName":"common-error.log","coreLogger":{"consoleLevel":"WARN"},"allowDebugAtProd":false,"type":"application"}
2018-11-12 22:30:04,422 INFO 1508 [egg-schedule]: register schedule G:\work\myworld-server\node_modules\egg-logrotator\app\schedule\clean_log.js
2018-11-12 22:30:04,422 INFO 1508 [egg-schedule]: register schedule G:\work\myworld-server\node_modules\egg-logrotator\app\schedule\rotate_by_file.js
2018-11-12 22:30:04,422 INFO 1508 [egg-multipart] stream mode enable
2018-11-12 22:30:04,536 INFO 1508 [egg-static] starting static serve /public/ -> G:\work\myworld-server\app\public
2018-11-12 22:30:04,546 INFO 1508 [egg-security] use csrf middleware
2018-11-12 22:30:04,547 INFO 1508 [egg-security] use methodnoallow middleware
2018-11-12 22:30:04,547 INFO 1508 [egg-security] use noopen middleware
2018-11-12 22:30:04,547 INFO 1508 [egg-security] use nosniff middleware
2018-11-12 22:30:04,551 INFO 1508 [egg-security] use xssProtection middleware
2018-11-12 22:30:04,552 INFO 1508 [egg-security] use xframe middleware
2018-11-12 22:30:04,553 INFO 1508 [egg-security] use dta middleware
2018-11-12 22:30:04,553 INFO 1508 [egg-security] compose 7 middlewares into one security middleware
2018-11-12 22:30:04,567 INFO 1508 [egg:core] dump config after load, 13ms
2018-11-12 22:30:04,585 INFO 1508 [egg-watcher:application] watcher start success
2018-11-12 22:30:04,599 INFO 1508 [egg:core] dump config after ready, 8ms
2018-11-12 22:30:06,787 INFO 10892 [egg:logger] init all loggers with options: {"dir":"G:\\work\\myworld-server\\logs\\myworld-server","encoding":"utf8","env":"local","level":"INFO","consoleLevel":"INFO","disableConsoleAfterReady":false,"outputJSON":false,"buffer":true,"appLogName":"myworld-server-web.log","coreLogName":"egg-web.log","agentLogName":"egg-agent.log","errorLogName":"common-error.log","coreLogger":{"consoleLevel":"WARN"},"allowDebugAtProd":false,"type":"application"}
2018-11-12 22:30:06,851 INFO 10892 [egg-schedule]: register schedule G:\work\myworld-server\node_modules\egg-logrotator\app\schedule\clean_log.js
2018-11-12 22:30:06,851 INFO 10892 [egg-schedule]: register schedule G:\work\myworld-server\node_modules\egg-logrotator\app\schedule\rotate_by_file.js
2018-11-12 22:30:06,851 INFO 10892 [egg-multipart] stream mode enable
2018-11-12 22:30:06,924 INFO 10892 [egg-static] starting static serve /public/ -> G:\work\myworld-server\app\public
2018-11-12 22:30:06,924 INFO 10892 [egg-security] use csrf middleware
2018-11-12 22:30:06,929 INFO 10892 [egg-security] use methodnoallow middleware
2018-11-12 22:30:06,931 INFO 10892 [egg-security] use noopen middleware
2018-11-12 22:30:06,931 INFO 10892 [egg-security] use nosniff middleware
2018-11-12 22:30:06,931 INFO 10892 [egg-security] use xssProtection middleware
2018-11-12 22:30:06,934 INFO 10892 [egg-security] use xframe middleware
2018-11-12 22:30:06,934 INFO 10892 [egg-security] use dta middleware
2018-11-12 22:30:06,934 INFO 10892 [egg-security] compose 7 middlewares into one security middleware
2018-11-12 22:30:06,942 INFO 10892 [egg:core] dump config after load, 7ms
2018-11-12 22:30:06,954 INFO 10892 [egg-watcher:application] watcher start success
2018-11-12 22:30:06,961 INFO 10892 [egg:core] dump config after ready, 6ms
2018-11-12 22:30:59,434 INFO 9032 [egg:logger] init all loggers with options: {"dir":"G:\\work\\myworld-server\\logs\\myworld-server","encoding":"utf8","env":"local","level":"INFO","consoleLevel":"INFO","disableConsoleAfterReady":false,"outputJSON":false,"buffer":true,"appLogName":"myworld-server-web.log","coreLogName":"egg-web.log","agentLogName":"egg-agent.log","errorLogName":"common-error.log","coreLogger":{"consoleLevel":"WARN"},"allowDebugAtProd":false,"type":"application"}
2018-11-12 22:30:59,498 INFO 9032 [egg-schedule]: register schedule G:\work\myworld-server\node_modules\egg-logrotator\app\schedule\clean_log.js
2018-11-12 22:30:59,498 INFO 9032 [egg-schedule]: register schedule G:\work\myworld-server\node_modules\egg-logrotator\app\schedule\rotate_by_file.js
2018-11-12 22:30:59,498 INFO 9032 [egg-multipart] stream mode enable
2018-11-12 22:30:59,614 INFO 9032 [egg-static] starting static serve /public/ -> G:\work\myworld-server\app\public
2018-11-12 22:30:59,621 INFO 9032 [egg-security] use csrf middleware
2018-11-12 22:30:59,622 INFO 9032 [egg-security] use methodnoallow middleware
2018-11-12 22:30:59,624 INFO 9032 [egg-security] use noopen middleware
2018-11-12 22:30:59,625 INFO 9032 [egg-security] use nosniff middleware
2018-11-12 22:30:59,626 INFO 9032 [egg-security] use xssProtection middleware
2018-11-12 22:30:59,626 INFO 9032 [egg-security] use xframe middleware
2018-11-12 22:30:59,626 INFO 9032 [egg-security] use dta middleware
2018-11-12 22:30:59,626 INFO 9032 [egg-security] compose 7 middlewares into one security middleware
2018-11-12 22:30:59,640 INFO 9032 [egg:core] dump config after load, 7ms
2018-11-12 22:30:59,654 INFO 9032 [egg-watcher:application] watcher start success
2018-11-12 22:30:59,661 INFO 9032 [egg:core] dump config after ready, 6ms
2018-11-12 22:31:00,965 INFO 15872 [egg:logger] init all loggers with options: {"dir":"G:\\work\\myworld-server\\logs\\myworld-server","encoding":"utf8","env":"local","level":"INFO","consoleLevel":"INFO","disableConsoleAfterReady":false,"outputJSON":false,"buffer":true,"appLogName":"myworld-server-web.log","coreLogName":"egg-web.log","agentLogName":"egg-agent.log","errorLogName":"common-error.log","coreLogger":{"consoleLevel":"WARN"},"allowDebugAtProd":false,"type":"application"}
2018-11-12 22:31:01,027 INFO 15872 [egg-schedule]: register schedule G:\work\myworld-server\node_modules\egg-logrotator\app\schedule\clean_log.js
2018-11-12 22:31:01,027 INFO 15872 [egg-schedule]: register schedule G:\work\myworld-server\node_modules\egg-logrotator\app\schedule\rotate_by_file.js
2018-11-12 22:31:01,028 INFO 15872 [egg-multipart] stream mode enable
2018-11-12 22:31:01,096 INFO 15872 [egg-static] starting static serve /public/ -> G:\work\myworld-server\app\public
2018-11-12 22:31:01,101 INFO 15872 [egg-security] use csrf middleware
2018-11-12 22:31:01,102 INFO 15872 [egg-security] use methodnoallow middleware
2018-11-12 22:31:01,102 INFO 15872 [egg-security] use noopen middleware
2018-11-12 22:31:01,103 INFO 15872 [egg-security] use nosniff middleware
2018-11-12 22:31:01,103 INFO 15872 [egg-security] use xssProtection middleware
2018-11-12 22:31:01,103 INFO 15872 [egg-security] use xframe middleware
2018-11-12 22:31:01,103 INFO 15872 [egg-security] use dta middleware
2018-11-12 22:31:01,103 INFO 15872 [egg-security] compose 7 middlewares into one security middleware
2018-11-12 22:31:01,118 INFO 15872 [egg:core] dump config after load, 5ms
2018-11-12 22:31:01,129 INFO 15872 [egg-watcher:application] watcher start success
2018-11-12 22:31:01,137 INFO 15872 [egg:core] dump config after ready, 8ms
2018-11-12 22:31:02,470 INFO 24676 [egg:logger] init all loggers with options: {"dir":"G:\\work\\myworld-server\\logs\\myworld-server","encoding":"utf8","env":"local","level":"INFO","consoleLevel":"INFO","disableConsoleAfterReady":false,"outputJSON":false,"buffer":true,"appLogName":"myworld-server-web.log","coreLogName":"egg-web.log","agentLogName":"egg-agent.log","errorLogName":"common-error.log","coreLogger":{"consoleLevel":"WARN"},"allowDebugAtProd":false,"type":"application"}
2018-11-12 22:31:02,513 INFO 24676 [egg-schedule]: register schedule G:\work\myworld-server\node_modules\egg-logrotator\app\schedule\clean_log.js
2018-11-12 22:31:02,513 INFO 24676 [egg-schedule]: register schedule G:\work\myworld-server\node_modules\egg-logrotator\app\schedule\rotate_by_file.js
2018-11-12 22:31:02,513 INFO 24676 [egg-multipart] stream mode enable
2018-11-12 22:31:02,569 INFO 24676 [egg-static] starting static serve /public/ -> G:\work\myworld-server\app\public
2018-11-12 22:31:02,577 INFO 24676 [egg-security] use csrf middleware
2018-11-12 22:31:02,577 INFO 24676 [egg-security] use methodnoallow middleware
2018-11-12 22:31:02,577 INFO 24676 [egg-security] use noopen middleware
2018-11-12 22:31:02,577 INFO 24676 [egg-security] use nosniff middleware
2018-11-12 22:31:02,577 INFO 24676 [egg-security] use xssProtection middleware
2018-11-12 22:31:02,577 INFO 24676 [egg-security] use xframe middleware
2018-11-12 22:31:02,582 INFO 24676 [egg-security] use dta middleware
2018-11-12 22:31:02,582 INFO 24676 [egg-security] compose 7 middlewares into one security middleware
2018-11-12 22:31:02,590 INFO 24676 [egg:core] dump config after load, 6ms
2018-11-12 22:31:02,600 INFO 24676 [egg-watcher:application] watcher start success
2018-11-12 22:31:02,607 INFO 24676 [egg:core] dump config after ready, 7ms
2018-11-12 22:31:33,591 INFO 18408 [egg:logger] init all loggers with options: {"dir":"G:\\work\\myworld-server\\logs\\myworld-server","encoding":"utf8","env":"local","level":"INFO","consoleLevel":"INFO","disableConsoleAfterReady":false,"outputJSON":false,"buffer":true,"appLogName":"myworld-server-web.log","coreLogName":"egg-web.log","agentLogName":"egg-agent.log","errorLogName":"common-error.log","coreLogger":{"consoleLevel":"WARN"},"allowDebugAtProd":false,"type":"application"}
2018-11-12 22:31:33,625 INFO 18408 [egg-schedule]: register schedule G:\work\myworld-server\node_modules\egg-logrotator\app\schedule\clean_log.js
2018-11-12 22:31:33,625 INFO 18408 [egg-schedule]: register schedule G:\work\myworld-server\node_modules\egg-logrotator\app\schedule\rotate_by_file.js
2018-11-12 22:31:33,625 INFO 18408 [egg-multipart] stream mode enable
2018-11-12 22:31:33,704 INFO 18408 [egg-static] starting static serve /public/ -> G:\work\myworld-server\app\public
2018-11-12 22:31:33,705 INFO 18408 [egg-security] use csrf middleware
2018-11-12 22:31:33,711 INFO 18408 [egg-security] use methodnoallow middleware
2018-11-12 22:31:33,711 INFO 18408 [egg-security] use noopen middleware
2018-11-12 22:31:33,712 INFO 18408 [egg-security] use nosniff middleware
2018-11-12 22:31:33,713 INFO 18408 [egg-security] use xssProtection middleware
2018-11-12 22:31:33,713 INFO 18408 [egg-security] use xframe middleware
2018-11-12 22:31:33,713 INFO 18408 [egg-security] use dta middleware
2018-11-12 22:31:33,713 INFO 18408 [egg-security] compose 7 middlewares into one security middleware
2018-11-12 22:31:33,729 INFO 18408 [egg:core] dump config after load, 9ms
2018-11-12 22:31:33,756 INFO 18408 [egg-watcher:application] watcher start success
2018-11-12 22:31:33,766 INFO 18408 [egg:core] dump config after ready, 6ms
2018-11-12 22:32:58,976 INFO 15880 [egg:logger] init all loggers with options: {"dir":"G:\\work\\myworld-server\\logs\\myworld-server","encoding":"utf8","env":"local","level":"INFO","consoleLevel":"INFO","disableConsoleAfterReady":false,"outputJSON":false,"buffer":true,"appLogName":"myworld-server-web.log","coreLogName":"egg-web.log","agentLogName":"egg-agent.log","errorLogName":"common-error.log","coreLogger":{"consoleLevel":"WARN"},"allowDebugAtProd":false,"type":"application"}
2018-11-12 22:32:59,027 INFO 15880 [egg-schedule]: register schedule G:\work\myworld-server\node_modules\egg-logrotator\app\schedule\clean_log.js
2018-11-12 22:32:59,027 INFO 15880 [egg-schedule]: register schedule G:\work\myworld-server\node_modules\egg-logrotator\app\schedule\rotate_by_file.js
2018-11-12 22:32:59,027 INFO 15880 [egg-multipart] stream mode enable
2018-11-12 22:32:59,123 INFO 15880 [egg-static] starting static serve /public/ -> G:\work\myworld-server\app\public
2018-11-12 22:32:59,124 INFO 15880 [egg-security] use csrf middleware
2018-11-12 22:32:59,124 INFO 15880 [egg-security] use methodnoallow middleware
2018-11-12 22:32:59,124 INFO 15880 [egg-security] use noopen middleware
2018-11-12 22:32:59,124 INFO 15880 [egg-security] use nosniff middleware
2018-11-12 22:32:59,128 INFO 15880 [egg-security] use xssProtection middleware
2018-11-12 22:32:59,129 INFO 15880 [egg-security] use xframe middleware
2018-11-12 22:32:59,129 INFO 15880 [egg-security] use dta middleware
2018-11-12 22:32:59,129 INFO 15880 [egg-security] compose 7 middlewares into one security middleware
2018-11-12 22:32:59,139 INFO 15880 [egg:core] dump config after load, 8ms
2018-11-12 22:32:59,152 INFO 15880 [egg-watcher:application] watcher start success
2018-11-12 22:32:59,157 INFO 15880 [egg:core] dump config after ready, 3ms
2018-11-12 22:45:06,303 INFO 27512 [egg:logger] init all loggers with options: {"dir":"G:\\work\\myworld-server\\logs\\myworld-server","encoding":"utf8","env":"local","level":"INFO","consoleLevel":"INFO","disableConsoleAfterReady":false,"outputJSON":false,"buffer":true,"appLogName":"myworld-server-web.log","coreLogName":"egg-web.log","agentLogName":"egg-agent.log","errorLogName":"common-error.log","coreLogger":{"consoleLevel":"WARN"},"allowDebugAtProd":false,"type":"application"}
2018-11-12 22:45:06,340 INFO 27512 [egg-schedule]: register schedule G:\work\myworld-server\node_modules\egg-logrotator\app\schedule\clean_log.js
2018-11-12 22:45:06,340 INFO 27512 [egg-schedule]: register schedule G:\work\myworld-server\node_modules\egg-logrotator\app\schedule\rotate_by_file.js
2018-11-12 22:45:06,340 INFO 27512 [egg-multipart] stream mode enable
2018-11-12 22:45:06,401 INFO 27512 [egg-static] starting static serve /public/ -> G:\work\myworld-server\app\public
2018-11-12 22:45:06,401 INFO 27512 [egg-security] use csrf middleware
2018-11-12 22:45:06,401 INFO 27512 [egg-security] use methodnoallow middleware
2018-11-12 22:45:06,401 INFO 27512 [egg-security] use noopen middleware
2018-11-12 22:45:06,405 INFO 27512 [egg-security] use nosniff middleware
2018-11-12 22:45:06,405 INFO 27512 [egg-security] use xssProtection middleware
2018-11-12 22:45:06,405 INFO 27512 [egg-security] use xframe middleware
2018-11-12 22:45:06,405 INFO 27512 [egg-security] use dta middleware
2018-11-12 22:45:06,405 INFO 27512 [egg-security] compose 7 middlewares into one security middleware
2018-11-12 22:45:06,415 INFO 27512 [egg:core] dump config after load, 7ms
2018-11-12 22:45:06,445 INFO 27512 [egg-watcher:application] watcher start success
2018-11-12 22:45:06,451 INFO 27512 [egg:core] dump config after ready, 4ms
2018-11-12 22:45:11,440 INFO 27512 [egg-view-nunjucks] loading templates from ["G:\\work\\myworld-server\\app\\view"]
